<?xml version="1.0" encoding="UTF-8"?>
<testsuite name="com.yeollow.springboot.IndexComtrollerTest" tests="1" skipped="0" failures="0" errors="0" timestamp="2020-12-19T15:57:36" hostname="yeollow" time="0.38">
  <properties/>
  <testcase name="loadIndexMustache" classname="com.yeollow.springboot.IndexComtrollerTest" time="0.38"/>
  <system-out><![CDATA[00:57:30.291 [Test worker] DEBUG org.springframework.test.context.junit4.SpringJUnit4ClassRunner - SpringJUnit4ClassRunner constructor called with [class com.yeollow.springboot.IndexComtrollerTest]
00:57:30.300 [Test worker] DEBUG org.springframework.test.context.BootstrapUtils - Instantiating CacheAwareContextLoaderDelegate from class [org.springframework.test.context.cache.DefaultCacheAwareContextLoaderDelegate]
00:57:30.309 [Test worker] DEBUG org.springframework.test.context.BootstrapUtils - Instantiating BootstrapContext using constructor [public org.springframework.test.context.support.DefaultBootstrapContext(java.lang.Class,org.springframework.test.context.CacheAwareContextLoaderDelegate)]
00:57:30.328 [Test worker] DEBUG org.springframework.test.context.BootstrapUtils - Instantiating TestContextBootstrapper for test class [com.yeollow.springboot.IndexComtrollerTest] from class [org.springframework.boot.test.context.SpringBootTestContextBootstrapper]
00:57:30.342 [Test worker] INFO org.springframework.boot.test.context.SpringBootTestContextBootstrapper - Neither @ContextConfiguration nor @ContextHierarchy found for test class [com.yeollow.springboot.IndexComtrollerTest], using SpringBootContextLoader
00:57:30.346 [Test worker] DEBUG org.springframework.test.context.support.AbstractContextLoader - Did not detect default resource location for test class [com.yeollow.springboot.IndexComtrollerTest]: class path resource [com/yeollow/springboot/IndexComtrollerTest-context.xml] does not exist
00:57:30.347 [Test worker] DEBUG org.springframework.test.context.support.AbstractContextLoader - Did not detect default resource location for test class [com.yeollow.springboot.IndexComtrollerTest]: class path resource [com/yeollow/springboot/IndexComtrollerTestContext.groovy] does not exist
00:57:30.347 [Test worker] INFO org.springframework.test.context.support.AbstractContextLoader - Could not detect default resource locations for test class [com.yeollow.springboot.IndexComtrollerTest]: no resource found for suffixes {-context.xml, Context.groovy}.
00:57:30.348 [Test worker] INFO org.springframework.test.context.support.AnnotationConfigContextLoaderUtils - Could not detect default configuration classes for test class [com.yeollow.springboot.IndexComtrollerTest]: IndexComtrollerTest does not declare any static, non-private, non-final, nested classes annotated with @Configuration.
00:57:30.397 [Test worker] DEBUG org.springframework.test.context.support.ActiveProfilesUtils - Could not find an 'annotation declaring class' for annotation type [org.springframework.test.context.ActiveProfiles] and class [com.yeollow.springboot.IndexComtrollerTest]
00:57:30.483 [Test worker] DEBUG org.springframework.context.annotation.ClassPathScanningCandidateComponentProvider - Identified candidate component class: file [C:\Users\ljy27\IdeaProjects\springBoot-webService\build\classes\java\main\com\yeollow\springboot\Application.class]
00:57:30.484 [Test worker] INFO org.springframework.boot.test.context.SpringBootTestContextBootstrapper - Found @SpringBootConfiguration com.yeollow.springboot.Application for test class com.yeollow.springboot.IndexComtrollerTest
00:57:30.595 [Test worker] DEBUG org.springframework.boot.test.context.SpringBootTestContextBootstrapper - @TestExecutionListeners is not present for class [com.yeollow.springboot.IndexComtrollerTest]: using defaults.
00:57:30.596 [Test worker] INFO org.springframework.boot.test.context.SpringBootTestContextBootstrapper - Loaded default TestExecutionListener class names from location [META-INF/spring.factories]: [org.springframework.boot.test.autoconfigure.restdocs.RestDocsTestExecutionListener, org.springframework.boot.test.autoconfigure.web.client.MockRestServiceServerResetTestExecutionListener, org.springframework.boot.test.autoconfigure.web.servlet.MockMvcPrintOnlyOnFailureTestExecutionListener, org.springframework.boot.test.autoconfigure.web.servlet.WebDriverTestExecutionListener, org.springframework.boot.test.mock.mockito.MockitoTestExecutionListener, org.springframework.boot.test.mock.mockito.ResetMocksTestExecutionListener, org.springframework.test.context.web.ServletTestExecutionListener, org.springframework.test.context.support.DirtiesContextBeforeModesTestExecutionListener, org.springframework.test.context.support.DependencyInjectionTestExecutionListener, org.springframework.test.context.support.DirtiesContextTestExecutionListener, org.springframework.test.context.transaction.TransactionalTestExecutionListener, org.springframework.test.context.jdbc.SqlScriptsTestExecutionListener]
00:57:30.617 [Test worker] INFO org.springframework.boot.test.context.SpringBootTestContextBootstrapper - Using TestExecutionListeners: [org.springframework.test.context.web.ServletTestExecutionListener@19ee16bb, org.springframework.test.context.support.DirtiesContextBeforeModesTestExecutionListener@273e1ffb, org.springframework.boot.test.mock.mockito.MockitoTestExecutionListener@730f4e95, org.springframework.boot.test.autoconfigure.SpringBootDependencyInjectionTestExecutionListener@5cce45af, org.springframework.test.context.support.DirtiesContextTestExecutionListener@357ccb43, org.springframework.test.context.transaction.TransactionalTestExecutionListener@62eacbd0, org.springframework.test.context.jdbc.SqlScriptsTestExecutionListener@6b985afe, org.springframework.boot.test.autoconfigure.restdocs.RestDocsTestExecutionListener@45d5891f, org.springframework.boot.test.autoconfigure.web.client.MockRestServiceServerResetTestExecutionListener@16206435, org.springframework.boot.test.autoconfigure.web.servlet.MockMvcPrintOnlyOnFailureTestExecutionListener@22a0996a, org.springframework.boot.test.autoconfigure.web.servlet.WebDriverTestExecutionListener@b46786a, org.springframework.boot.test.mock.mockito.ResetMocksTestExecutionListener@62b2856c]
00:57:30.620 [Test worker] DEBUG org.springframework.test.annotation.ProfileValueUtils - Retrieved @ProfileValueSourceConfiguration [null] for test class [com.yeollow.springboot.IndexComtrollerTest]
00:57:30.620 [Test worker] DEBUG org.springframework.test.annotation.ProfileValueUtils - Retrieved ProfileValueSource type [class org.springframework.test.annotation.SystemProfileValueSource] for class [com.yeollow.springboot.IndexComtrollerTest]
00:57:30.624 [Test worker] DEBUG org.springframework.test.annotation.ProfileValueUtils - Retrieved @ProfileValueSourceConfiguration [null] for test class [com.yeollow.springboot.IndexComtrollerTest]
00:57:30.625 [Test worker] DEBUG org.springframework.test.annotation.ProfileValueUtils - Retrieved ProfileValueSource type [class org.springframework.test.annotation.SystemProfileValueSource] for class [com.yeollow.springboot.IndexComtrollerTest]
00:57:30.625 [Test worker] DEBUG org.springframework.test.annotation.ProfileValueUtils - Retrieved @ProfileValueSourceConfiguration [null] for test class [com.yeollow.springboot.IndexComtrollerTest]
00:57:30.625 [Test worker] DEBUG org.springframework.test.annotation.ProfileValueUtils - Retrieved ProfileValueSource type [class org.springframework.test.annotation.SystemProfileValueSource] for class [com.yeollow.springboot.IndexComtrollerTest]
00:57:30.630 [Test worker] DEBUG org.springframework.test.context.support.AbstractDirtiesContextTestExecutionListener - Before test class: context [DefaultTestContext@4b8155db testClass = IndexComtrollerTest, testInstance = [null], testMethod = [null], testException = [null], mergedContextConfiguration = [WebMergedContextConfiguration@1c2d99b7 testClass = IndexComtrollerTest, locations = '{}', classes = '{class com.yeollow.springboot.Application}', contextInitializerClasses = '[]', activeProfiles = '{}', propertySourceLocations = '{}', propertySourceProperties = '{org.springframework.boot.test.context.SpringBootTestContextBootstrapper=true, server.port=0}', contextCustomizers = set[org.springframework.boot.test.autoconfigure.properties.PropertyMappingContextCustomizer@0, org.springframework.boot.test.autoconfigure.web.servlet.WebDriverContextCustomizerFactory$Customizer@4a9ecb28, org.springframework.boot.test.context.filter.ExcludeFilterContextCustomizer@7a0c710e, org.springframework.boot.test.json.DuplicateJsonObjectContextCustomizerFactory$DuplicateJsonObjectContextCustomizer@29f6bf21, org.springframework.boot.test.mock.mockito.MockitoContextCustomizer@0, org.springframework.boot.test.web.client.TestRestTemplateContextCustomizer@247af62e], resourceBasePath = 'src/main/webapp', contextLoader = 'org.springframework.boot.test.context.SpringBootContextLoader', parent = [null]], attributes = map['org.springframework.test.context.web.ServletTestExecutionListener.activateListener' -> false]], class annotated with @DirtiesContext [false] with mode [null].
00:57:30.630 [Test worker] DEBUG org.springframework.test.annotation.ProfileValueUtils - Retrieved @ProfileValueSourceConfiguration [null] for test class [com.yeollow.springboot.IndexComtrollerTest]
00:57:30.631 [Test worker] DEBUG org.springframework.test.annotation.ProfileValueUtils - Retrieved ProfileValueSource type [class org.springframework.test.annotation.SystemProfileValueSource] for class [com.yeollow.springboot.IndexComtrollerTest]
00:57:30.636 [Test worker] DEBUG org.springframework.test.context.support.DependencyInjectionTestExecutionListener - Performing dependency injection for test context [[DefaultTestContext@4b8155db testClass = IndexComtrollerTest, testInstance = com.yeollow.springboot.IndexComtrollerTest@76d601b, testMethod = [null], testException = [null], mergedContextConfiguration = [WebMergedContextConfiguration@1c2d99b7 testClass = IndexComtrollerTest, locations = '{}', classes = '{class com.yeollow.springboot.Application}', contextInitializerClasses = '[]', activeProfiles = '{}', propertySourceLocations = '{}', propertySourceProperties = '{org.springframework.boot.test.context.SpringBootTestContextBootstrapper=true, server.port=0}', contextCustomizers = set[org.springframework.boot.test.autoconfigure.properties.PropertyMappingContextCustomizer@0, org.springframework.boot.test.autoconfigure.web.servlet.WebDriverContextCustomizerFactory$Customizer@4a9ecb28, org.springframework.boot.test.context.filter.ExcludeFilterContextCustomizer@7a0c710e, org.springframework.boot.test.json.DuplicateJsonObjectContextCustomizerFactory$DuplicateJsonObjectContextCustomizer@29f6bf21, org.springframework.boot.test.mock.mockito.MockitoContextCustomizer@0, org.springframework.boot.test.web.client.TestRestTemplateContextCustomizer@247af62e], resourceBasePath = 'src/main/webapp', contextLoader = 'org.springframework.boot.test.context.SpringBootContextLoader', parent = [null]], attributes = map['org.springframework.test.context.web.ServletTestExecutionListener.activateListener' -> false]]].
00:57:30.657 [Test worker] DEBUG org.springframework.test.context.support.TestPropertySourceUtils - Adding inlined properties to environment: {spring.jmx.enabled=false, org.springframework.boot.test.context.SpringBootTestContextBootstrapper=true, server.port=0}

  .   ____          _            __ _ _
 /\\ / ___'_ __ _ _(_)_ __  __ _ \ \ \ \
( ( )\___ | '_ | '_| | '_ \/ _` | \ \ \ \
 \\/  ___)| |_)| | | | | || (_| |  ) ) ) )
  '  |____| .__|_| |_|_| |_\__, | / / / /
 =========|_|==============|___/=/_/_/_/
 :: Spring Boot ::        (v2.1.7.RELEASE)

2020-12-20 00:57:30.981  INFO 17700 --- [    Test worker] c.y.springboot.IndexComtrollerTest       : Starting IndexComtrollerTest on yeollow with PID 17700 (started by ljy27 in C:\Users\ljy27\IdeaProjects\springBoot-webService)
2020-12-20 00:57:30.982  INFO 17700 --- [    Test worker] c.y.springboot.IndexComtrollerTest       : No active profile set, falling back to default profiles: default
2020-12-20 00:57:31.745  INFO 17700 --- [    Test worker] .s.d.r.c.RepositoryConfigurationDelegate : Bootstrapping Spring Data repositories in DEFAULT mode.
2020-12-20 00:57:31.831  INFO 17700 --- [    Test worker] .s.d.r.c.RepositoryConfigurationDelegate : Finished Spring Data repository scanning in 76ms. Found 1 repository interfaces.
2020-12-20 00:57:32.239  INFO 17700 --- [    Test worker] trationDelegate$BeanPostProcessorChecker : Bean 'org.springframework.transaction.annotation.ProxyTransactionManagementConfiguration' of type [org.springframework.transaction.annotation.ProxyTransactionManagementConfiguration$$EnhancerBySpringCGLIB$$afd004db] is not eligible for getting processed by all BeanPostProcessors (for example: not eligible for auto-proxying)
2020-12-20 00:57:32.691  INFO 17700 --- [    Test worker] o.s.b.w.embedded.tomcat.TomcatWebServer  : Tomcat initialized with port(s): 0 (http)
2020-12-20 00:57:32.729  INFO 17700 --- [    Test worker] o.apache.catalina.core.StandardService   : Starting service [Tomcat]
2020-12-20 00:57:32.729  INFO 17700 --- [    Test worker] org.apache.catalina.core.StandardEngine  : Starting Servlet engine: [Apache Tomcat/9.0.22]
2020-12-20 00:57:32.951  INFO 17700 --- [    Test worker] o.a.c.c.C.[Tomcat].[localhost].[/]       : Initializing Spring embedded WebApplicationContext
2020-12-20 00:57:32.951  INFO 17700 --- [    Test worker] o.s.web.context.ContextLoader            : Root WebApplicationContext: initialization completed in 1946 ms
2020-12-20 00:57:33.288  INFO 17700 --- [    Test worker] com.zaxxer.hikari.HikariDataSource       : HikariPool-1 - Starting...
2020-12-20 00:57:33.514  INFO 17700 --- [    Test worker] com.zaxxer.hikari.HikariDataSource       : HikariPool-1 - Start completed.
2020-12-20 00:57:33.635  INFO 17700 --- [    Test worker] o.hibernate.jpa.internal.util.LogHelper  : HHH000204: Processing PersistenceUnitInfo [
	name: default
	...]
2020-12-20 00:57:33.741  INFO 17700 --- [    Test worker] org.hibernate.Version                    : HHH000412: Hibernate Core {5.3.10.Final}
2020-12-20 00:57:33.744  INFO 17700 --- [    Test worker] org.hibernate.cfg.Environment            : HHH000206: hibernate.properties not found
2020-12-20 00:57:33.969  INFO 17700 --- [    Test worker] o.hibernate.annotations.common.Version   : HCANN000001: Hibernate Commons Annotations {5.0.4.Final}
2020-12-20 00:57:34.210  INFO 17700 --- [    Test worker] org.hibernate.dialect.Dialect            : HHH000400: Using dialect: org.hibernate.dialect.H2Dialect
Hibernate: drop table posts if exists
Hibernate: drop sequence if exists hibernate_sequence
Hibernate: create sequence hibernate_sequence start with 1 increment by 1
Hibernate: create table posts (id bigint not null, created_date timestamp, modified_date timestamp, author varchar(255), content TEXT not null, title varchar(500) not null, primary key (id))
2020-12-20 00:57:35.112  INFO 17700 --- [    Test worker] o.h.t.schema.internal.SchemaCreatorImpl  : HHH000476: Executing import script 'org.hibernate.tool.schema.internal.exec.ScriptSourceInputNonExistentImpl@386d9665'
2020-12-20 00:57:35.117  INFO 17700 --- [    Test worker] j.LocalContainerEntityManagerFactoryBean : Initialized JPA EntityManagerFactory for persistence unit 'default'
2020-12-20 00:57:36.029  INFO 17700 --- [    Test worker] o.s.s.concurrent.ThreadPoolTaskExecutor  : Initializing ExecutorService 'applicationTaskExecutor'
2020-12-20 00:57:36.143  WARN 17700 --- [    Test worker] aWebConfiguration$JpaWebMvcConfiguration : spring.jpa.open-in-view is enabled by default. Therefore, database queries may be performed during view rendering. Explicitly configure spring.jpa.open-in-view to disable this warning
2020-12-20 00:57:36.204  INFO 17700 --- [    Test worker] o.s.b.a.w.s.WelcomePageHandlerMapping    : Adding welcome page template: index
2020-12-20 00:57:36.732  INFO 17700 --- [    Test worker] o.s.b.w.embedded.tomcat.TomcatWebServer  : Tomcat started on port(s): 13625 (http) with context path ''
2020-12-20 00:57:36.736  INFO 17700 --- [    Test worker] c.y.springboot.IndexComtrollerTest       : Started IndexComtrollerTest in 6.075 seconds (JVM running for 7.411)
2020-12-20 00:57:36.963  INFO 17700 --- [o-auto-1-exec-1] o.a.c.c.C.[Tomcat].[localhost].[/]       : Initializing Spring DispatcherServlet 'dispatcherServlet'
2020-12-20 00:57:36.963  INFO 17700 --- [o-auto-1-exec-1] o.s.web.servlet.DispatcherServlet        : Initializing Servlet 'dispatcherServlet'
2020-12-20 00:57:36.990  INFO 17700 --- [o-auto-1-exec-1] o.s.web.servlet.DispatcherServlet        : Completed initialization in 27 ms
]]></system-out>
  <system-err><![CDATA[]]></system-err>
</testsuite>
