<?xml version="1.0" encoding="UTF-8"?>
<testsuite name="com.yeollow.springboot.web.dto.HelloResponseDtoTest" tests="1" skipped="0" failures="0" errors="0" timestamp="2020-12-26T17:23:15" hostname="yeollow" time="0.002">
  <properties/>
  <testcase name="lombokTest" classname="com.yeollow.springboot.web.dto.HelloResponseDtoTest" time="0.002"/>
  <system-out><![CDATA[]]></system-out>
  <system-err><![CDATA[]]></system-err>
</testsuite>
